<?xml version="1.0" encoding="UTF-8"?>
<testng-results total="1" passed="1" failed="0" skipped="0">
  <reporter-output>
  </reporter-output>
  <suite started-at="2021-06-07T07:02:49Z" name="Default suite" finished-at="2021-06-07T07:02:58Z" duration-ms="8795">
    <groups>
    </groups>
    <test started-at="2021-06-07T07:02:49Z" name="Default test" finished-at="2021-06-07T07:02:58Z" duration-ms="8795">
      <class name="crm.TestCases.SelRev">
        <test-method is-config="true" signature="startUp()[pri:0, instance:crm.TestCases.SelRev@3bd82cf5]" started-at="2021-06-07T03:02:49Z" name="startUp" finished-at="2021-06-07T03:02:56Z" duration-ms="6149" status="PASS">
          <reporter-output>
          </reporter-output>
        </test-method> <!-- startUp -->
        <test-method signature="test4()[pri:0, instance:crm.TestCases.SelRev@3bd82cf5]" started-at="2021-06-07T03:02:56Z" name="test4" finished-at="2021-06-07T03:02:58Z" duration-ms="2621" status="PASS">
          <reporter-output>
          </reporter-output>
        </test-method> <!-- test4 -->
      </class> <!-- crm.TestCases.SelRev -->
    </test> <!-- Default test -->
  </suite> <!-- Default suite -->
</testng-results>
